<?xml version="1.0" encoding="UTF-8"?>
<!-- Generated by org.testng.reporters.JUnitReportReporter -->
<testsuite hostname="SANKET" failures="0" tests="1" name="com.tka.test.registration.testcases.RegistrationTestCases" time="5.656" errors="0" timestamp="2025-07-26T17:43:04 IST" skipped="0">
  <testcase classname="com.tka.test.registration.testcases.RegistrationTestCases" name="invalidCrediential" time="5.656"/>
</testsuite> <!-- com.tka.test.registration.testcases.RegistrationTestCases -->
